<?xml version="1.0" encoding="UTF-8"?>
<testsuite name="com.kevin.testgridandroid.ExampleUnitTest" tests="1" skipped="0" failures="0" errors="0" timestamp="2020-05-20T15:07:40" hostname="Kevin-Ux" time="0.002">
  <properties/>
  <testcase name="addition_isCorrect" classname="com.kevin.testgridandroid.ExampleUnitTest" time="0.002"/>
  <system-out><![CDATA[]]></system-out>
  <system-err><![CDATA[]]></system-err>
</testsuite>
